[   15567ms] [ERROR] Warning: %s a style property during rerender (%s) when a conflicting property is set (%s) can lead to styling bugs. To avoid this, don't mix shorthand and non-shorthand properties for the same value; instead, replace the shorthand with separate values.%s Updating background backgroundPosition 
    at button
    at div
    at ColorPickerInline (<anonymous>:1109:25)
    at div
    at div
    at div
    at div
    at div
    at div
    at div
    at div
    at App (<anonymous>:2873:19) @ https://unpkg.com/react-dom@18.2.0/umd/react-dom.development.js:72
[   15567ms] [ERROR] Warning: %s a style property during rerender (%s) when a conflicting property is set (%s) can lead to styling bugs. To avoid this, don't mix shorthand and non-shorthand properties for the same value; instead, replace the shorthand with separate values.%s Updating background backgroundSize 
    at button
    at div
    at ColorPickerInline (<anonymous>:1109:25)
    at div
    at div
    at div
    at div
    at div
    at div
    at div
    at div
    at App (<anonymous>:2873:19) @ https://unpkg.com/react-dom@18.2.0/umd/react-dom.development.js:72
